[debug] [2022-01-17T02:56:05.598Z] ----------------------------------------------------------------------
[debug] [2022-01-17T02:56:05.600Z] Command:       C:\Program Files\nodejs\node.exe C:\Users\hp\AppData\Roaming\npm\node_modules\firebase-tools\lib\bin\firebase.js deploy --only hosting
[debug] [2022-01-17T02:56:05.600Z] CLI Version:   10.1.0
[debug] [2022-01-17T02:56:05.601Z] Platform:      win32
[debug] [2022-01-17T02:56:05.601Z] Node Version:  v16.13.2
[debug] [2022-01-17T02:56:05.602Z] Time:          Mon Jan 17 2022 03:56:05 GMT+0100 (West Africa Standard Time)
[debug] [2022-01-17T02:56:05.602Z] ----------------------------------------------------------------------
[debug] 
[debug] [2022-01-17T02:56:05.662Z] > command requires scopes: ["email","openid","https://www.googleapis.com/auth/cloudplatformprojects.readonly","https://www.googleapis.com/auth/firebase","https://www.googleapis.com/auth/cloud-platform"]
[debug] [2022-01-17T02:56:05.662Z] > authorizing via signed-in user (samson.s.samuels@gmail.com)
[debug] [2022-01-17T02:56:05.662Z] [iam] checking project fir-recipe-4949d for permissions ["firebase.projects.get","firebasehosting.sites.update"]
[debug] [2022-01-17T02:56:05.664Z] > refreshing access token with scopes: ["email","https://www.googleapis.com/auth/cloud-platform","https://www.googleapis.com/auth/cloudplatformprojects.readonly","https://www.googleapis.com/auth/firebase","openid"]
[debug] [2022-01-17T02:56:05.665Z] >>> HTTP REQUEST POST https://www.googleapis.com/oauth2/v3/token  
 <request body omitted>
[debug] [2022-01-17T02:56:06.128Z] <<< HTTP RESPONSE 200 {"pragma":"no-cache","cache-control":"no-cache, no-store, max-age=0, must-revalidate","expires":"Mon, 01 Jan 1990 00:00:00 GMT","date":"Mon, 17 Jan 2022 02:56:06 GMT","content-type":"application/json; charset=utf-8","vary":"X-Origin, Referer, Origin,Accept-Encoding","server":"scaffolding on HTTPServer2","x-xss-protection":"0","x-frame-options":"SAMEORIGIN","x-content-type-options":"nosniff","alt-svc":"h3=\":443\"; ma=2592000,h3-29=\":443\"; ma=2592000,h3-Q050=\":443\"; ma=2592000,h3-Q046=\":443\"; ma=2592000,h3-Q043=\":443\"; ma=2592000,quic=\":443\"; ma=2592000; v=\"46,43\"","accept-ranges":"none","transfer-encoding":"chunked"}
[debug] [2022-01-17T02:56:06.139Z] >>> HTTP REQUEST POST https://cloudresourcemanager.googleapis.com/v1/projects/fir-recipe-4949d:testIamPermissions  
 {"permissions":["firebase.projects.get","firebasehosting.sites.update"]}
[debug] [2022-01-17T02:56:08.306Z] <<< HTTP RESPONSE 200 {"content-type":"application/json; charset=UTF-8","vary":"X-Origin, Referer, Origin,Accept-Encoding","date":"Mon, 17 Jan 2022 02:56:08 GMT","server":"ESF","cache-control":"private","x-xss-protection":"0","x-frame-options":"SAMEORIGIN","x-content-type-options":"nosniff","server-timing":"gfet4t7; dur=569","alt-svc":"h3=\":443\"; ma=2592000,h3-29=\":443\"; ma=2592000,h3-Q050=\":443\"; ma=2592000,h3-Q046=\":443\"; ma=2592000,h3-Q043=\":443\"; ma=2592000,quic=\":443\"; ma=2592000; v=\"46,43\"","accept-ranges":"none","transfer-encoding":"chunked"}
[debug] [2022-01-17T02:56:08.309Z] > refreshing access token with scopes: []
[debug] [2022-01-17T02:56:08.309Z] >>> HTTP REQUEST POST https://www.googleapis.com/oauth2/v3/token  
 <request body omitted>
[debug] [2022-01-17T02:56:08.778Z] <<< HTTP RESPONSE 200 {"expires":"Mon, 01 Jan 1990 00:00:00 GMT","date":"Mon, 17 Jan 2022 02:56:09 GMT","cache-control":"no-cache, no-store, max-age=0, must-revalidate","pragma":"no-cache","content-type":"application/json; charset=utf-8","vary":"X-Origin, Referer, Origin,Accept-Encoding","server":"scaffolding on HTTPServer2","x-xss-protection":"0","x-frame-options":"SAMEORIGIN","x-content-type-options":"nosniff","alt-svc":"h3=\":443\"; ma=2592000,h3-29=\":443\"; ma=2592000,h3-Q050=\":443\"; ma=2592000,h3-Q046=\":443\"; ma=2592000,h3-Q043=\":443\"; ma=2592000,quic=\":443\"; ma=2592000; v=\"46,43\"","accept-ranges":"none","transfer-encoding":"chunked"}
[debug] [2022-01-17T02:56:08.787Z] >>> [apiv2][query] GET https://firebase.googleapis.com/v1beta1/projects/fir-recipe-4949d [none]
[debug] [2022-01-17T02:56:29.844Z] Failed to make request to https://firebase.googleapis.com/v1beta1/projects/fir-recipe-4949d
[debug] [2022-01-17T02:56:30.681Z] FirebaseError: Failed to make request to https://firebase.googleapis.com/v1beta1/projects/fir-recipe-4949d
    at Client.doRequest (C:\Users\hp\AppData\Roaming\npm\node_modules\firebase-tools\lib\apiv2.js:213:19)
    at processTicksAndRejections (node:internal/process/task_queues:96:5)
    at async Client.request (C:\Users\hp\AppData\Roaming\npm\node_modules\firebase-tools\lib\apiv2.js:96:20)
    at async getFirebaseProject (C:\Users\hp\AppData\Roaming\npm\node_modules\firebase-tools\lib\management\projects.js:290:21)
    at async getDefaultHostingSite (C:\Users\hp\AppData\Roaming\npm\node_modules\firebase-tools\lib\getDefaultHostingSite.js:8:21)
    at async requireHostingSite (C:\Users\hp\AppData\Roaming\npm\node_modules\firebase-tools\lib\requireHostingSite.js:9:18)
    at async Object.fn (C:\Users\hp\AppData\Roaming\npm\node_modules\firebase-tools\lib\commands\deploy.js:73:9)
    at async C:\Users\hp\AppData\Roaming\npm\node_modules\firebase-tools\lib\command.js:188:17
[error] 
[error] Error: Failed to get Firebase project fir-recipe-4949d. Please make sure the project exists and your account has permission to access it.
[debug] [2022-01-17T02:56:58.359Z] ----------------------------------------------------------------------
[debug] [2022-01-17T02:56:58.361Z] Command:       C:\Program Files\nodejs\node.exe C:\Users\hp\AppData\Roaming\npm\node_modules\firebase-tools\lib\bin\firebase.js deploy --only hosting
[debug] [2022-01-17T02:56:58.362Z] CLI Version:   10.1.0
[debug] [2022-01-17T02:56:58.362Z] Platform:      win32
[debug] [2022-01-17T02:56:58.362Z] Node Version:  v16.13.2
[debug] [2022-01-17T02:56:58.363Z] Time:          Mon Jan 17 2022 03:56:58 GMT+0100 (West Africa Standard Time)
[debug] [2022-01-17T02:56:58.363Z] ----------------------------------------------------------------------
[debug] 
[debug] [2022-01-17T02:56:58.423Z] > command requires scopes: ["email","openid","https://www.googleapis.com/auth/cloudplatformprojects.readonly","https://www.googleapis.com/auth/firebase","https://www.googleapis.com/auth/cloud-platform"]
[debug] [2022-01-17T02:56:58.424Z] > authorizing via signed-in user (samson.s.samuels@gmail.com)
[debug] [2022-01-17T02:56:58.424Z] [iam] checking project fir-recipe-4949d for permissions ["firebase.projects.get","firebasehosting.sites.update"]
[debug] [2022-01-17T02:56:58.426Z] > refreshing access token with scopes: ["email","https://www.googleapis.com/auth/cloud-platform","https://www.googleapis.com/auth/cloudplatformprojects.readonly","https://www.googleapis.com/auth/firebase","openid"]
[debug] [2022-01-17T02:56:58.427Z] >>> HTTP REQUEST POST https://www.googleapis.com/oauth2/v3/token  
 <request body omitted>
[debug] [2022-01-17T02:56:59.075Z] <<< HTTP RESPONSE 200 {"cache-control":"no-cache, no-store, max-age=0, must-revalidate","expires":"Mon, 01 Jan 1990 00:00:00 GMT","pragma":"no-cache","date":"Mon, 17 Jan 2022 02:56:59 GMT","content-type":"application/json; charset=utf-8","vary":"X-Origin, Referer, Origin,Accept-Encoding","server":"scaffolding on HTTPServer2","x-xss-protection":"0","x-frame-options":"SAMEORIGIN","x-content-type-options":"nosniff","alt-svc":"h3=\":443\"; ma=2592000,h3-29=\":443\"; ma=2592000,h3-Q050=\":443\"; ma=2592000,h3-Q046=\":443\"; ma=2592000,h3-Q043=\":443\"; ma=2592000,quic=\":443\"; ma=2592000; v=\"46,43\"","accept-ranges":"none","transfer-encoding":"chunked"}
[debug] [2022-01-17T02:56:59.086Z] >>> HTTP REQUEST POST https://cloudresourcemanager.googleapis.com/v1/projects/fir-recipe-4949d:testIamPermissions  
 {"permissions":["firebase.projects.get","firebasehosting.sites.update"]}
[debug] [2022-01-17T02:57:00.184Z] <<< HTTP RESPONSE 200 {"content-type":"application/json; charset=UTF-8","vary":"X-Origin, Referer, Origin,Accept-Encoding","date":"Mon, 17 Jan 2022 02:57:00 GMT","server":"ESF","cache-control":"private","x-xss-protection":"0","x-frame-options":"SAMEORIGIN","x-content-type-options":"nosniff","server-timing":"gfet4t7; dur=566","alt-svc":"h3=\":443\"; ma=2592000,h3-29=\":443\"; ma=2592000,h3-Q050=\":443\"; ma=2592000,h3-Q046=\":443\"; ma=2592000,h3-Q043=\":443\"; ma=2592000,quic=\":443\"; ma=2592000; v=\"46,43\"","accept-ranges":"none","transfer-encoding":"chunked"}
[debug] [2022-01-17T02:57:00.186Z] > refreshing access token with scopes: []
[debug] [2022-01-17T02:57:00.186Z] >>> HTTP REQUEST POST https://www.googleapis.com/oauth2/v3/token  
 <request body omitted>
[debug] [2022-01-17T02:57:21.240Z] Authentication Error: Your credentials are no longer valid. Please run firebase login --reauth

For CI servers and headless environments, generate a new token with firebase login:ci
[debug] [2022-01-17T02:57:21.937Z] FirebaseError: Authentication Error: Your credentials are no longer valid. Please run firebase login --reauth

For CI servers and headless environments, generate a new token with firebase login:ci
    at invalidCredentialError (C:\Users\hp\AppData\Roaming\npm\node_modules\firebase-tools\lib\auth.js:141:12)
    at refreshTokens (C:\Users\hp\AppData\Roaming\npm\node_modules\firebase-tools\lib\auth.js:448:15)
    at processTicksAndRejections (node:internal/process/task_queues:96:5)
    at async Client.getAccessToken (C:\Users\hp\AppData\Roaming\npm\node_modules\firebase-tools\lib\apiv2.js:146:23)
    at async Client.addAuthHeader (C:\Users\hp\AppData\Roaming\npm\node_modules\firebase-tools\lib\apiv2.js:137:21)
    at async Client.request (C:\Users\hp\AppData\Roaming\npm\node_modules\firebase-tools\lib\apiv2.js:93:34)
    at async getFirebaseProject (C:\Users\hp\AppData\Roaming\npm\node_modules\firebase-tools\lib\management\projects.js:290:21)
    at async getDefaultHostingSite (C:\Users\hp\AppData\Roaming\npm\node_modules\firebase-tools\lib\getDefaultHostingSite.js:8:21)
    at async requireHostingSite (C:\Users\hp\AppData\Roaming\npm\node_modules\firebase-tools\lib\requireHostingSite.js:9:18)
    at async Object.fn (C:\Users\hp\AppData\Roaming\npm\node_modules\firebase-tools\lib\commands\deploy.js:73:9)
    at async C:\Users\hp\AppData\Roaming\npm\node_modules\firebase-tools\lib\command.js:188:17
[error] 
[error] Error: Failed to get Firebase project fir-recipe-4949d. Please make sure the project exists and your account has permission to access it.
